<?xml version="1.0" encoding="UTF-8"?>
<!-- Generated by org.testng.reporters.JUnitReportReporter -->
<testsuite hostname="LAPTOP-GQLOSOI2" failures="0" tests="1" name="hms.admintest.FrontofficeTest" time="24.423" errors="0" timestamp="2023-05-12T16:44:20 IST" skipped="0">
  <testcase classname="hms.admintest.FrontofficeTest" name="frontofficetest" time="24.423"/>
  <system-out/>
</testsuite> <!-- hms.admintest.FrontofficeTest -->
