<?xml version="1.0" encoding="UTF-8"?>
<!-- Generated by org.testng.reporters.JUnitReportReporter -->
<testsuite hostname="LAPTOP-GQLOSOI2" failures="0" tests="1" name="hms.admintest.LoginpageTest" time="31.646" errors="0" timestamp="2023-05-12T16:44:20 IST" skipped="0">
  <testcase classname="hms.admintest.LoginpageTest" name="hmsadmintest" time="31.646"/>
  <system-out/>
</testsuite> <!-- hms.admintest.LoginpageTest -->
