<?xml version="1.0" encoding="UTF-8"?>
<!-- Generated by org.testng.reporters.JUnitReportReporter -->
<testsuite hostname="LAPTOP-GQLOSOI2" failures="0" tests="1" name="hms.admintest.Sample" time="5.737" errors="0" timestamp="2023-05-04T12:30:45 IST" skipped="0">
  <testcase classname="hms.admintest.Sample" name="test" time="5.737"/>
  <system-out/>
</testsuite> <!-- hms.admintest.Sample -->
